{"D:\\Arquivos\\react-udemy\\project-test\\src\\components\\TestByCLass2\\index.jsx": {"path":"D:\\Arquivos\\react-udemy\\project-test\\src\\components\\TestByCLass2\\index.jsx","statementMap":{"0":{"start":{"line":6,"column":12},"end":{"line":12,"column":5}},"1":{"start":{"line":20,"column":39},"end":{"line":20,"column":49}},"2":{"start":{"line":22,"column":31},"end":{"line":22,"column":48}},"3":{"start":{"line":23,"column":8},"end":{"line":26,"column":11}},"4":{"start":{"line":29,"column":20},"end":{"line":36,"column":5}},"5":{"start":{"line":30,"column":56},"end":{"line":30,"column":66}},"6":{"start":{"line":31,"column":25},"end":{"line":31,"column":44}},"7":{"start":{"line":32,"column":26},"end":{"line":32,"column":75}},"8":{"start":{"line":33,"column":8},"end":{"line":33,"column":33}},"9":{"start":{"line":35,"column":8},"end":{"line":35,"column":49}},"10":{"start":{"line":38,"column":19},"end":{"line":41,"column":5}},"11":{"start":{"line":39,"column":26},"end":{"line":39,"column":34}},"12":{"start":{"line":40,"column":8},"end":{"line":40,"column":46}},"13":{"start":{"line":44,"column":69},"end":{"line":44,"column":79}},"14":{"start":{"line":45,"column":28},"end":{"line":45,"column":66}},"15":{"start":{"line":47,"column":30},"end":{"line":53,"column":19}},"16":{"start":{"line":49,"column":16},"end":{"line":51,"column":57}},"17":{"start":{"line":55,"column":8},"end":{"line":93,"column":10}},"18":{"start":{"line":74,"column":24},"end":{"line":82,"column":26}}},"fnMap":{"0":{"name":"(anonymous_0)","decl":{"start":{"line":15,"column":4},"end":{"line":15,"column":5}},"loc":{"start":{"line":15,"column":30},"end":{"line":27,"column":5}},"line":15},"1":{"name":"(anonymous_1)","decl":{"start":{"line":29,"column":20},"end":{"line":29,"column":21}},"loc":{"start":{"line":29,"column":26},"end":{"line":36,"column":5}},"line":29},"2":{"name":"(anonymous_2)","decl":{"start":{"line":38,"column":19},"end":{"line":38,"column":20}},"loc":{"start":{"line":38,"column":26},"end":{"line":41,"column":5}},"line":38},"3":{"name":"(anonymous_3)","decl":{"start":{"line":43,"column":4},"end":{"line":43,"column":5}},"loc":{"start":{"line":43,"column":13},"end":{"line":94,"column":5}},"line":43},"4":{"name":"(anonymous_4)","decl":{"start":{"line":48,"column":30},"end":{"line":48,"column":31}},"loc":{"start":{"line":48,"column":40},"end":{"line":52,"column":13}},"line":48},"5":{"name":"(anonymous_5)","decl":{"start":{"line":73,"column":30},"end":{"line":73,"column":31}},"loc":{"start":{"line":73,"column":40},"end":{"line":83,"column":21}},"line":73}},"branchMap":{"0":{"loc":{"start":{"line":47,"column":30},"end":{"line":53,"column":19}},"type":"cond-expr","locations":[{"start":{"line":48,"column":14},"end":{"line":52,"column":14}},{"start":{"line":53,"column":14},"end":{"line":53,"column":19}}],"line":47},"1":{"loc":{"start":{"line":57,"column":17},"end":{"line":63,"column":17}},"type":"binary-expr","locations":[{"start":{"line":57,"column":17},"end":{"line":57,"column":30}},{"start":{"line":58,"column":20},"end":{"line":62,"column":23}}],"line":57},"2":{"loc":{"start":{"line":72,"column":17},"end":{"line":83,"column":22}},"type":"binary-expr","locations":[{"start":{"line":72,"column":17},"end":{"line":72,"column":41}},{"start":{"line":73,"column":20},"end":{"line":83,"column":22}}],"line":72},"3":{"loc":{"start":{"line":84,"column":17},"end":{"line":84,"column":72}},"type":"binary-expr","locations":[{"start":{"line":84,"column":17},"end":{"line":84,"column":43}},{"start":{"line":84,"column":47},"end":{"line":84,"column":72}}],"line":84},"4":{"loc":{"start":{"line":85,"column":17},"end":{"line":91,"column":17}},"type":"binary-expr","locations":[{"start":{"line":85,"column":17},"end":{"line":85,"column":29}},{"start":{"line":86,"column":20},"end":{"line":90,"column":22}}],"line":85}},"s":{"0":0,"1":0,"2":0,"3":0,"4":0,"5":0,"6":0,"7":0,"8":0,"9":0,"10":0,"11":0,"12":0,"13":0,"14":0,"15":0,"16":0,"17":0,"18":0},"f":{"0":0,"1":0,"2":0,"3":0,"4":0,"5":0},"b":{"0":[0,0],"1":[0,0],"2":[0,0],"3":[0,0],"4":[0,0]}}
,"D:\\Arquivos\\react-udemy\\project-test\\src\\components\\TextConvertFunction\\index.jsx": {"path":"D:\\Arquivos\\react-udemy\\project-test\\src\\components\\TextConvertFunction\\index.jsx","statementMap":{"0":{"start":{"line":5,"column":35},"end":{"line":83,"column":1}},"1":{"start":{"line":6,"column":30},"end":{"line":6,"column":42}},"2":{"start":{"line":7,"column":36},"end":{"line":7,"column":48}},"3":{"start":{"line":8,"column":28},"end":{"line":8,"column":39}},"4":{"start":{"line":9,"column":27},"end":{"line":9,"column":38}},"5":{"start":{"line":10,"column":42},"end":{"line":10,"column":54}},"6":{"start":{"line":12,"column":24},"end":{"line":12,"column":62}},"7":{"start":{"line":14,"column":26},"end":{"line":18,"column":15}},"8":{"start":{"line":16,"column":12},"end":{"line":16,"column":80}},"9":{"start":{"line":20,"column":25},"end":{"line":23,"column":5}},"10":{"start":{"line":21,"column":26},"end":{"line":21,"column":34}},"11":{"start":{"line":22,"column":8},"end":{"line":22,"column":30}},"12":{"start":{"line":25,"column":26},"end":{"line":32,"column":5}},"13":{"start":{"line":26,"column":25},"end":{"line":26,"column":44}},"14":{"start":{"line":27,"column":26},"end":{"line":27,"column":75}},"15":{"start":{"line":28,"column":8},"end":{"line":28,"column":33}},"16":{"start":{"line":30,"column":8},"end":{"line":30,"column":24}},"17":{"start":{"line":31,"column":8},"end":{"line":31,"column":26}},"18":{"start":{"line":34,"column":28},"end":{"line":38,"column":10}},"19":{"start":{"line":35,"column":30},"end":{"line":35,"column":47}},"20":{"start":{"line":36,"column":8},"end":{"line":36,"column":58}},"21":{"start":{"line":37,"column":8},"end":{"line":37,"column":35}},"22":{"start":{"line":40,"column":4},"end":{"line":42,"column":40}},"23":{"start":{"line":41,"column":8},"end":{"line":41,"column":41}},"24":{"start":{"line":44,"column":4},"end":{"line":82,"column":6}},"25":{"start":{"line":63,"column":20},"end":{"line":71,"column":22}}},"fnMap":{"0":{"name":"(anonymous_0)","decl":{"start":{"line":5,"column":35},"end":{"line":5,"column":36}},"loc":{"start":{"line":5,"column":41},"end":{"line":83,"column":1}},"line":5},"1":{"name":"(anonymous_1)","decl":{"start":{"line":15,"column":26},"end":{"line":15,"column":27}},"loc":{"start":{"line":15,"column":36},"end":{"line":17,"column":9}},"line":15},"2":{"name":"(anonymous_2)","decl":{"start":{"line":20,"column":25},"end":{"line":20,"column":26}},"loc":{"start":{"line":20,"column":32},"end":{"line":23,"column":5}},"line":20},"3":{"name":"(anonymous_3)","decl":{"start":{"line":25,"column":26},"end":{"line":25,"column":27}},"loc":{"start":{"line":25,"column":32},"end":{"line":32,"column":5}},"line":25},"4":{"name":"(anonymous_4)","decl":{"start":{"line":34,"column":40},"end":{"line":34,"column":41}},"loc":{"start":{"line":34,"column":70},"end":{"line":38,"column":5}},"line":34},"5":{"name":"(anonymous_5)","decl":{"start":{"line":40,"column":14},"end":{"line":40,"column":15}},"loc":{"start":{"line":40,"column":20},"end":{"line":42,"column":5}},"line":40},"6":{"name":"(anonymous_6)","decl":{"start":{"line":62,"column":26},"end":{"line":62,"column":27}},"loc":{"start":{"line":62,"column":36},"end":{"line":72,"column":17}},"line":62}},"branchMap":{"0":{"loc":{"start":{"line":14,"column":26},"end":{"line":18,"column":15}},"type":"cond-expr","locations":[{"start":{"line":15,"column":10},"end":{"line":17,"column":10}},{"start":{"line":18,"column":10},"end":{"line":18,"column":15}}],"line":14},"1":{"loc":{"start":{"line":46,"column":13},"end":{"line":52,"column":13}},"type":"binary-expr","locations":[{"start":{"line":46,"column":13},"end":{"line":46,"column":26}},{"start":{"line":47,"column":16},"end":{"line":51,"column":19}}],"line":46},"2":{"loc":{"start":{"line":61,"column":13},"end":{"line":72,"column":18}},"type":"binary-expr","locations":[{"start":{"line":61,"column":13},"end":{"line":61,"column":37}},{"start":{"line":62,"column":16},"end":{"line":72,"column":18}}],"line":61},"3":{"loc":{"start":{"line":73,"column":13},"end":{"line":73,"column":68}},"type":"binary-expr","locations":[{"start":{"line":73,"column":13},"end":{"line":73,"column":39}},{"start":{"line":73,"column":43},"end":{"line":73,"column":68}}],"line":73},"4":{"loc":{"start":{"line":74,"column":13},"end":{"line":80,"column":13}},"type":"binary-expr","locations":[{"start":{"line":74,"column":13},"end":{"line":74,"column":25}},{"start":{"line":75,"column":16},"end":{"line":79,"column":18}}],"line":74}},"s":{"0":0,"1":0,"2":0,"3":0,"4":0,"5":0,"6":0,"7":0,"8":0,"9":0,"10":0,"11":0,"12":0,"13":0,"14":0,"15":0,"16":0,"17":0,"18":0,"19":0,"20":0,"21":0,"22":0,"23":0,"24":0,"25":0},"f":{"0":0,"1":0,"2":0,"3":0,"4":0,"5":0,"6":0},"b":{"0":[0,0],"1":[0,0],"2":[0,0],"3":[0,0],"4":[0,0]}}
,"D:\\Arquivos\\react-udemy\\project-test\\src\\components\\utils\\Button\\Button.jsx": {"path":"D:\\Arquivos\\react-udemy\\project-test\\src\\components\\utils\\Button\\Button.jsx","statementMap":{"0":{"start":{"line":4,"column":22},"end":{"line":10,"column":1}},"1":{"start":{"line":5,"column":4},"end":{"line":9,"column":6}}},"fnMap":{"0":{"name":"(anonymous_0)","decl":{"start":{"line":4,"column":22},"end":{"line":4,"column":23}},"loc":{"start":{"line":4,"column":55},"end":{"line":10,"column":1}},"line":4}},"branchMap":{},"s":{"0":1,"1":4},"f":{"0":4},"b":{},"_coverageSchema":"1a1c01bbd47fc00a2c39e90264f33305004495a9","hash":"c6c0b4fa886d02619cd90a689fada92201700957"}
}
